miprimerapi/app/build/intermediates/manifest_merge_blame_file/debug/manifest-merger-blame-debug-report.txt
1<?xml version="1.0" encoding="utf-8"?>
2<manifest xmlns:android="http://schemas.android.com/apk/res/android"
3    package="com.cramcat.platform.CRUDapp"
4    android:versionCode="1"
5    android:versionName="1.0" >
6
7    <uses-sdk
8        android:minSdkVersion="21"
8-->src\main\AndroidManifest.xml
9        android:targetSdkVersion="30" />
9-->src\main\AndroidManifest.xml
10
11    <uses-permission android:name="android.permission.INTERNET" />
11-->src\main\AndroidManifest.xml:6:5-66
11-->src\main\AndroidManifest.xml:6:22-64
12
13    <application
13-->src\main\AndroidManifest.xml:7:5-52:19
14        android:allowBackup="true"
14-->src\main\AndroidManifest.xml:8:9-35
15        android:appComponentFactory="androidx.core.app.CoreComponentFactory"
15-->[androidx.core:core:1.5.0] AndroidManifest.xml:24:18-86
16        android:debuggable="true"
17        android:icon="@mipmap/ic_launcher"
17-->src\main\AndroidManifest.xml:9:9-43
18        android:label="@string/app_name"
18-->src\main\AndroidManifest.xml:10:9-41
19        android:networkSecurityConfig="@xml/network_security_config"
19-->src\main\AndroidManifest.xml:15:9-69
20        android:roundIcon="@mipmap/ic_launcher_round"
20-->src\main\AndroidManifest.xml:11:9-54
21        android:supportsRtl="true"
21-->src\main\AndroidManifest.xml:12:9-35
22        android:testOnly="true"
23        android:theme="@style/AppTheme" >
23-->src\main\AndroidManifest.xml:13:9-40
24        <activity
24-->src\main\AndroidManifest.xml:17:9-22:66
25            android:name="com.cramcat.platform.CRUDapp.Admin"
25-->src\main\AndroidManifest.xml:18:13-62
26            android:configChanges="orientation|screenSize"
26-->src\main\AndroidManifest.xml:19:13-59
27            android:exported="false"
27-->src\main\AndroidManifest.xml:20:13-37
28            android:theme="@style/Theme.AppCompat.NoActionBar"
28-->src\main\AndroidManifest.xml:21:13-63
29            android:windowSoftInputMode="stateHidden|adjustPan" />
29-->src\main\AndroidManifest.xml:22:13-64
30        <activity
30-->src\main\AndroidManifest.xml:23:9-28:67
31            android:name="com.cramcat.platform.CRUDapp.Password"
31-->src\main\AndroidManifest.xml:24:13-65
32            android:configChanges="orientation|screenSize"
32-->src\main\AndroidManifest.xml:25:13-59
33            android:exported="false"
33-->src\main\AndroidManifest.xml:26:13-37
34            android:theme="@style/Theme.AppCompat.NoActionBar"
34-->src\main\AndroidManifest.xml:27:13-63
35            android:windowSoftInputMode="stateHidden|adjustPan" />
35-->src\main\AndroidManifest.xml:28:13-64
36        <activity
36-->src\main\AndroidManifest.xml:29:9-34:67
37            android:name="com.cramcat.platform.CRUDapp.Register"
37-->src\main\AndroidManifest.xml:30:13-65
38            android:configChanges="orientation|screenSize"
38-->src\main\AndroidManifest.xml:31:13-59
39            android:exported="false"
39-->src\main\AndroidManifest.xml:32:13-37
40            android:theme="@style/Theme.AppCompat.NoActionBar"
40-->src\main\AndroidManifest.xml:33:13-63
41            android:windowSoftInputMode="stateHidden|adjustPan" />
41-->src\main\AndroidManifest.xml:34:13-64
42        <activity
42-->src\main\AndroidManifest.xml:35:9-40:67
43            android:name="com.cramcat.platform.CRUDapp.Crud"
43-->src\main\AndroidManifest.xml:36:13-61
44            android:configChanges="orientation|screenSize"
44-->src\main\AndroidManifest.xml:37:13-59
45            android:exported="false"
45-->src\main\AndroidManifest.xml:38:13-37
46            android:theme="@style/Theme.AppCompat.NoActionBar"
46-->src\main\AndroidManifest.xml:39:13-63
47            android:windowSoftInputMode="stateHidden|adjustPan" />
47-->src\main\AndroidManifest.xml:40:13-64
48        <activity
48-->src\main\AndroidManifest.xml:41:9-51:20
49            android:name="com.cramcat.platform.CRUDapp.MainActivity"
49-->src\main\AndroidManifest.xml:42:13-69
50            android:configChanges="orientation|screenSize"
50-->src\main\AndroidManifest.xml:43:13-59
51            android:theme="@style/Theme.AppCompat.NoActionBar"
51-->src\main\AndroidManifest.xml:44:13-63
52            android:windowSoftInputMode="stateHidden|adjustPan" >
52-->src\main\AndroidManifest.xml:45:13-64
53            <intent-filter>
53-->src\main\AndroidManifest.xml:46:13-50:29
54                <action android:name="android.intent.action.MAIN" />
54-->src\main\AndroidManifest.xml:47:17-69
54-->src\main\AndroidManifest.xml:47:25-66
55
56                <category android:name="android.intent.category.LAUNCHER" />
56-->src\main\AndroidManifest.xml:49:17-77
56-->src\main\AndroidManifest.xml:49:27-74
57            </intent-filter>
58        </activity>
59    </application>
60
61</manifest>